<?xml version="1.0" encoding="UTF-8"?>
<testsuite name="EPAM.FinUA_TestSuite" time="304.967" tests="63" errors="0" skipped="3" failures="8">
  <properties>
    <property name="java.vendor" value="Oracle Corporation"/>
    <property name="JOB_NAME" value="Test1"/>
    <property name="sun.java.launcher" value="SUN_STANDARD"/>
    <property name="windows_tracing_logfile" value="C:\BVTBin\Tests\installpackage\csilogfile.log"/>
    <property name="NUMBER_OF_PROCESSORS" value="4"/>
    <property name="sun.management.compiler" value="HotSpot 64-Bit Tiered Compilers"/>
    <property name="JENKINS_HOME" value="C:\Users\Andriy_Yarish@epam.com\.jenkins"/>
    <property name="HUDSON_SERVER_COOKIE" value="29805d97b6cf43e6"/>
    <property name="os.name" value="Windows 7"/>
    <property name="sun.boot.class.path" value="C:\Program Files\Java\jdk1.8.0_73\jre\lib\resources.jar;C:\Program Files\Java\jdk1.8.0_73\jre\lib\rt.jar;C:\Program Files\Java\jdk1.8.0_73\jre\lib\sunrsasign.jar;C:\Program Files\Java\jdk1.8.0_73\jre\lib\jsse.jar;C:\Program Files\Java\jdk1.8.0_73\jre\lib\jce.jar;C:\Program Files\Java\jdk1.8.0_73\jre\lib\charsets.jar;C:\Program Files\Java\jdk1.8.0_73\jre\lib\jfr.jar;C:\Program Files\Java\jdk1.8.0_73\jre\classes"/>
    <property name="EXECUTOR_NUMBER" value="0"/>
    <property name="sun.desktop" value="windows"/>
    <property name="PATHEXT" value=".COM;.EXE;.BAT;.CMD;.VBS;.VBE;.JS;.JSE;.WSF;.WSH;.MSC"/>
    <property name="java.vm.specification.vendor" value="Oracle Corporation"/>
    <property name="NODE_LABELS" value="master"/>
    <property name="TEMP" value="C:\Users\Andriy_Yarish@epam.com\AppData\Local\Temp"/>
    <property name="java.runtime.version" value="1.8.0_73-b02"/>
    <property name="ANT_HOME" value="C:\Program Files\apache-ant-1.9.6-bin\apache-ant-1.9.6"/>
    <property name="user.name" value="Andriy_Yarish"/>
    <property name="guice.disable.misplaced.annotation.check" value="true"/>
    <property name="CommonProgramW6432" value="C:\Program Files\Common Files"/>
    <property name="ProgramFiles" value="C:\Program Files"/>
    <property name="PROMPT" value="$P$G"/>
    <property name="user.language" value="en"/>
    <property name="BUILD_DISPLAY_NAME" value="#1"/>
    <property name="sun.boot.library.path" value="C:\Program Files\Java\jdk1.8.0_73\jre\bin"/>
    <property name="LOCALAPPDATA" value="C:\Users\Andriy_Yarish@epam.com\AppData\Local"/>
    <property name="java.version" value="1.8.0_73"/>
    <property name="PROCESSOR_LEVEL" value="6"/>
    <property name="user.timezone" value="Europe/Helsinki"/>
    <property name="USERNAME" value="Andriy_Yarish"/>
    <property name="sun.arch.data.model" value="64"/>
    <property name="NODE_NAME" value="master"/>
    <property name="java.endorsed.dirs" value="C:\Program Files\Java\jdk1.8.0_73\jre\lib\endorsed"/>
    <property name="BUILD_ID" value="1"/>
    <property name="sun.cpu.isalist" value="amd64"/>
    <property name="sun.jnu.encoding" value="Cp1251"/>
    <property name="file.encoding.pkg" value="sun.io"/>
    <property name="file.separator" value="\"/>
    <property name="java.specification.name" value="Java Platform API Specification"/>
    <property name="HOMEDRIVE" value="C:"/>
    <property name="java.class.version" value="52.0"/>
    <property name="org.slf4j.simpleLogger.defaultLogLevel" value="info"/>
    <property name="user.country" value="US"/>
    <property name="ALLUSERSPROFILE" value="C:\ProgramData"/>
    <property name="java.home" value="C:\Program Files\Java\jdk1.8.0_73\jre"/>
    <property name="java.vm.info" value="mixed mode"/>
    <property name="os.version" value="6.1"/>
    <property name="TMP" value="C:\Users\Andriy_Yarish@epam.com\AppData\Local\Temp"/>
    <property name="path.separator" value=";"/>
    <property name="java.vm.version" value="25.73-b02"/>
    <property name="user.variant" value=""/>
    <property name="CommonProgramFiles(x86)" value="C:\Program Files (x86)\Common Files"/>
    <property name="java.awt.printerjob" value="sun.awt.windows.WPrinterJob"/>
    <property name="FP_NO_HOST_CHECK" value="NO"/>
    <property name="JAVA_HOME" value="C:\Program Files\Java\jdk1.8.0_73"/>
    <property name="sun.io.unicode.encoding" value="UnicodeLittle"/>
    <property name="CommonProgramFiles" value="C:\Program Files\Common Files"/>
    <property name="ComSpec" value="C:\WINDOWS\system32\cmd.exe"/>
    <property name="HOMEPATH" value="\Users\Andriy_Yarish@epam.com"/>
    <property name="awt.toolkit" value="sun.awt.windows.WToolkit"/>
    <property name="USERDNSDOMAIN" value="KYIV.EPAM.COM"/>
    <property name="COMPUTERNAME" value="EPUAKYIW2579"/>
    <property name="user.script" value=""/>
    <property name="PUBLIC" value="C:\Users\Public"/>
    <property name="user.home" value="C:\Users\Andriy_Yarish@epam.com"/>
    <property name="BUILD_TAG" value="jenkins-Test1-1"/>
    <property name="JENKINS_SERVER_COOKIE" value="29805d97b6cf43e6"/>
    <property name="HUDSON_URL" value="http://localhost:8090/"/>
    <property name="ProgramData" value="C:\ProgramData"/>
    <property name="java.specification.vendor" value="Oracle Corporation"/>
    <property name="USERPROFILE" value="C:\Users\Andriy_Yarish@epam.com"/>
    <property name="CLASSPATH" value=""/>
    <property name="java.vendor.url" value="http://java.oracle.com/"/>
    <property name="java.library.path" value="C:\Program Files\Java\jdk1.8.0_73\bin;C:\WINDOWS\Sun\Java\bin;C:\WINDOWS\system32;C:\WINDOWS;C:\Program Files\apache-maven-3.3.9-bin\apache-maven-3.3.9/bin;C:\Program Files\Java\jdk1.8.0_73/bin;C:\Program Files\Java\jdk1.8.0_73/bin;C:\ProgramData\Oracle\Java\javapath;C:\WINDOWS\system32;C:\WINDOWS;C:\WINDOWS\System32\Wbem;C:\WINDOWS\System32\WindowsPowerShell\v1.0\;C:\Program Files\TortoiseSVN\bin;C:\Program Files (x86)\Skype\Phone\;C:\Program Files\Git\cmd;C:\Program Files\Git\bin;C:\Program Files\Java\jdk1.8.0_73\bin;C:\Program Files\apache-maven-3.3.9-bin\apache-maven-3.3.9\bin;C:\Program Files\apache-ant-1.9.6-bin\apache-ant-1.9.6\bin;;."/>
    <property name="java.vm.vendor" value="Oracle Corporation"/>
    <property name="APPDATA" value="C:\Users\Andriy_Yarish@epam.com\AppData\Roaming"/>
    <property name="java.runtime.name" value="Java(TM) SE Runtime Environment"/>
    <property name="maven.home" value="C:\Program Files\apache-maven-3.3.9-bin\apache-maven-3.3.9"/>
    <property name="java.class.path" value="C:\Users\Andriy_Yarish@epam.com\.jenkins\plugins\maven-plugin\WEB-INF\lib\maven31-agent-1.5.jar;C:\Program Files\apache-maven-3.3.9-bin\apache-maven-3.3.9\boot\plexus-classworlds-2.5.2.jar;C:\Program Files\apache-maven-3.3.9-bin\apache-maven-3.3.9/conf/logging"/>
    <property name="sun.java.command" value="jenkins.maven3.agent.Maven31Main C:\Program Files\apache-maven-3.3.9-bin\apache-maven-3.3.9 C:\Users\Andriy_Yarish@epam.com\.jenkins\war\WEB-INF\lib\remoting-2.53.3.jar C:\Users\Andriy_Yarish@epam.com\.jenkins\plugins\maven-plugin\WEB-INF\lib\maven31-interceptor-1.5.jar C:\Users\Andriy_Yarish@epam.com\.jenkins\plugins\maven-plugin\WEB-INF\lib\maven3-interceptor-commons-1.5.jar 60051"/>
    <property name="Path" value="C:\Program Files\Java\jdk1.8.0_73/bin;C:\ProgramData\Oracle\Java\javapath;C:\WINDOWS\system32;C:\WINDOWS;C:\WINDOWS\System32\Wbem;C:\WINDOWS\System32\WindowsPowerShell\v1.0\;C:\Program Files\TortoiseSVN\bin;C:\Program Files (x86)\Skype\Phone\;C:\Program Files\Git\cmd;C:\Program Files\Git\bin;C:\Program Files\Java\jdk1.8.0_73\bin;C:\Program Files\apache-maven-3.3.9-bin\apache-maven-3.3.9\bin;C:\Program Files\apache-ant-1.9.6-bin\apache-ant-1.9.6\bin;"/>
    <property name="java.vm.specification.name" value="Java Virtual Machine Specification"/>
    <property name="PROCESSOR_ARCHITECTURE" value="AMD64"/>
    <property name="PATH+JDK" value="C:\Program Files\Java\jdk1.8.0_73/bin"/>
    <property name="PROCESSOR_IDENTIFIER" value="Intel64 Family 6 Model 60 Stepping 3, GenuineIntel"/>
    <property name="java.vm.specification.version" value="1.8"/>
    <property name="sun.os.patch.level" value="Service Pack 1"/>
    <property name="sun.cpu.endian" value="little"/>
    <property name="M2_HOME" value="C:\Program Files\apache-maven-3.3.9-bin\apache-maven-3.3.9"/>
    <property name="java.io.tmpdir" value="C:\Users\Andriy_Yarish@epam.com\AppData\Local\Temp\"/>
    <property name="OS" value="Windows_NT"/>
    <property name="HUDSON_HOME" value="C:\Users\Andriy_Yarish@epam.com\.jenkins"/>
    <property name="PATH+MAVEN" value="C:\Program Files\apache-maven-3.3.9-bin\apache-maven-3.3.9/bin"/>
    <property name="ProgramFiles(x86)" value="C:\Program Files (x86)"/>
    <property name="BUILD_URL" value="http://localhost:8090/job/Test1/1/"/>
    <property name="java.vendor.url.bug" value="http://bugreport.sun.com/bugreport/"/>
    <property name="java.awt.graphicsenv" value="sun.awt.Win32GraphicsEnvironment"/>
    <property name="os.arch" value="amd64"/>
    <property name="SystemRoot" value="C:\WINDOWS"/>
    <property name="windows_tracing_flags" value="3"/>
    <property name="java.ext.dirs" value="C:\Program Files\Java\jdk1.8.0_73\jre\lib\ext;C:\WINDOWS\Sun\Java\lib\ext"/>
    <property name="user.dir" value="C:\Users\Andriy_Yarish@epam.com\IdeaProjects\FinanceIUA"/>
    <property name="JOB_URL" value="http://localhost:8090/job/Test1/"/>
    <property name="LOGONSERVER" value="\\EPUAKYISA0001"/>
    <property name="USERDOMAIN" value="KYIV"/>
    <property name="line.separator" value="&#10;"/>
    <property name="MAVEN_HOME" value="C:\Program Files\apache-maven-3.3.9-bin\apache-maven-3.3.9"/>
    <property name="java.vm.name" value="Java HotSpot(TM) 64-Bit Server VM"/>
    <property name="BUILD_NUMBER" value="1"/>
    <property name="JENKINS_URL" value="http://localhost:8090/"/>
    <property name="PROCESSOR_REVISION" value="3c03"/>
    <property name="UATDATA" value="C:\WINDOWS\CCM\UATData\D9F8C395-CAB8-491d-B8AC-179A1FE1BE77"/>
    <property name="ProgramW6432" value="C:\Program Files"/>
    <property name="windir" value="C:\WINDOWS"/>
    <property name="=C:" value="C:\Program Files (x86)\Jenkins"/>
    <property name="file.encoding" value="Cp1251"/>
    <property name="SystemDrive" value="C:"/>
    <property name="maven3.interceptor" value="C:\Users\Andriy_Yarish@epam.com\.jenkins\plugins\maven-plugin\WEB-INF\lib\maven31-interceptor-1.5.jar"/>
    <property name="WORKSPACE" value="C:\Users\Andriy_Yarish@epam.com\.jenkins\jobs\Test1\workspace"/>
    <property name="maven3.interceptor.common" value="C:\Users\Andriy_Yarish@epam.com\.jenkins\plugins\maven-plugin\WEB-INF\lib\maven3-interceptor-commons-1.5.jar"/>
    <property name="java.specification.version" value="1.8"/>
    <property name="PSModulePath" value="C:\WINDOWS\system32\WindowsPowerShell\v1.0\Modules\"/>
  </properties>
  <testcase name="BeforeStories" classname="java.lang.Object" time="0.008"/>
  <testcase name="Given the user is on the finance.i.ua home page" classname="EPAM.steps.FinUA_DefinitionStep" time="11.557"/>
  <testcase name="When the user click on &apos;USD&apos; button" classname="EPAM.steps.FinUA_DefinitionStep" time="7.441"/>
  <testcase name="Then &apos;USD&apos; rates are shown" classname="EPAM.steps.FinUA_DefinitionStep" time="2.306"/>
  <testcase name="Scenario: Checking switching to USD-UAH bank&apos;s rates data" classname="Scenario: Checking switching to USD-UAH bank&apos;s rates data" time="3.126"/>
  <testcase name="Given the user is on the finance.i.ua home page​" classname="EPAM.steps.FinUA_DefinitionStep" time="5.399"/>
  <testcase name="When the user click on &apos;USD&apos; button​" classname="EPAM.steps.FinUA_DefinitionStep" time="5.787"/>
  <testcase name="And &apos;USD&apos; rates are shown" classname="EPAM.steps.FinUA_DefinitionStep" time="4.066"/>
  <testcase name="Then maximum value of BID rate in bank&apos;s table is equal to maximum value of BID rate in summary table" classname="EPAM.steps.FinUA_DefinitionStep" time="4.02"/>
  <testcase name="Then maximum value of ASK rate in bank&apos;s table is equal to maximum value of ASK rate in summary table" classname="EPAM.steps.FinUA_DefinitionStep" time="3.89"/>
  <testcase name="Scenario: Checking calculation of MAXIMUM USD-UAH rates based on bank&apos;s rates data" classname="Scenario: Checking calculation of MAXIMUM USD-UAH rates based on bank&apos;s rates data" time="4.807"/>
  <testcase name="When the user click on &apos;USD&apos; button​​" classname="EPAM.steps.FinUA_DefinitionStep" time="6.351"/>
  <testcase name="And &apos;USD&apos; rates are shown​" classname="EPAM.steps.FinUA_DefinitionStep" time="3.105"/>
  <testcase name="Then calculated avg BID rate is equal to avg BID value from summary block" classname="EPAM.steps.FinUA_DefinitionStep" time="4.561"/>
  <testcase name="Then calculated avg ASK rate is equal to avg ASK value from summary block" classname="EPAM.steps.FinUA_DefinitionStep" time="3.801"/>
  <testcase name="Scenario: Checking calculation of AVERAGE USD-UAH rates based on bank&apos;s rates data" classname="Scenario: Checking calculation of AVERAGE USD-UAH rates based on bank&apos;s rates data" time="4.994"/>
  <testcase name="When the user click on &apos;USD&apos; button​​​" classname="EPAM.steps.FinUA_DefinitionStep" time="6.809"/>
  <testcase name="And &apos;USD&apos; rates are shown​​" classname="EPAM.steps.FinUA_DefinitionStep" time="3.909"/>
  <testcase name="Then minimum value of BID rate in bank&apos;s table is equal to minimum value of BID rate in summary table" classname="EPAM.steps.FinUA_DefinitionStep" time="4.712"/>
  <testcase name="Then minimum value of ASK rate in bank&apos;s table is equal to minimum value of ASK rate in summary table" classname="EPAM.steps.FinUA_DefinitionStep" time="4.627"/>
  <testcase name="Scenario: Checking calculation of MINIMUM USD-UAH rates based on bank&apos;s rates data" classname="Scenario: Checking calculation of MINIMUM USD-UAH rates based on bank&apos;s rates data" time="5.653"/>
  <testcase name="When the user click on &apos;USD&apos; button​​​​" classname="EPAM.steps.FinUA_DefinitionStep" time="7.57"/>
  <testcase name="And &apos;USD&apos; rates are shown​​​" classname="EPAM.steps.FinUA_DefinitionStep" time="3.098"/>
  <testcase name="Then optimal value of BID rate in summary table is equal to maximum value of BID rate in summary table" classname="EPAM.steps.FinUA_DefinitionStep" time="4.216"/>
  <testcase name="Then optimal value of ASK rate in summary table is equal to minimum value of ASK rate in summary table" classname="EPAM.steps.FinUA_DefinitionStep" time="3.772"/>
  <testcase name="Scenario: Checking calculation of OPTIMAL USD-UAH rates based on bank&apos;s rates data" classname="Scenario: Checking calculation of OPTIMAL USD-UAH rates based on bank&apos;s rates data" time="4.681"/>
  <testcase name="FinUA_checkRatesSummaryCalc_USD.story" classname="FinUA_checkRatesSummaryCalc_USD.story" time="5.391"/>
  <testcase name="Given the user is on the finance.i.ua home page​​" classname="EPAM.steps.FinUA_DefinitionStep" time="11.693">
    <failure message="This is not the page you&apos;re looking for: I was looking for a page compatible with class EPAM.pages.FinUA_StartPage_BanksRatesTable but I was at the URL https://support.skype.com/en/faq/FA34612/what-is-the-skype-extension" type="net.thucydides.core.pages.WrongPageError"><![CDATA[net.thucydides.core.pages.WrongPageError: This is not the page you're looking for: I was looking for a page compatible with class EPAM.pages.FinUA_StartPage_BanksRatesTable but I was at the URL https://support.skype.com/en/faq/FA34612/what-is-the-skype-extension
	at net.serenitybdd.core.pages.PageObject.thisIsNotThePageYourLookingFor(PageObject.java:778)
	at net.serenitybdd.core.pages.PageObject.ensurePageIsOnAMatchingUrl(PageObject.java:759)
	at net.serenitybdd.core.pages.PageObject.checkUrlPatterns(PageObject.java:751)
	at net.serenitybdd.core.pages.PageObject.open(PageObject.java:740)
	at net.serenitybdd.core.pages.PageObject.open(PageObject.java:727)
	at EPAM.steps.serenity.FinUa_EndUserSteps.goToHomePage(FinUa_EndUserSteps.java:28)
	at EPAM.steps.serenity.FinUa_EndUserSteps$$EnhancerByCGLIB$$4d394fa1.CGLIB$goToHomePage$0(<generated>)
	at EPAM.steps.serenity.FinUa_EndUserSteps$$EnhancerByCGLIB$$4d394fa1$$FastClassByCGLIB$$be4d894a.invoke(<generated>)
	at net.sf.cglib.proxy.MethodProxy.invokeSuper(MethodProxy.java:228)
	at net.thucydides.core.steps.StepInterceptor.invokeMethod(StepInterceptor.java:348)
	at net.thucydides.core.steps.StepInterceptor.executeTestStepMethod(StepInterceptor.java:333)
	at net.thucydides.core.steps.StepInterceptor.runTestStep(StepInterceptor.java:308)
	at net.thucydides.core.steps.StepInterceptor.testStepResult(StepInterceptor.java:130)
	at net.thucydides.core.steps.StepInterceptor.intercept(StepInterceptor.java:57)
	at EPAM.steps.serenity.FinUa_EndUserSteps$$EnhancerByCGLIB$$4d394fa1.goToHomePage(<generated>)
	at EPAM.steps.FinUA_DefinitionStep.givenTheUserIsOnTheFinanceIUAHomePage(FinUA_DefinitionStep.java:18)
]]></failure>
    <system-out><![CDATA[Running story stories/FinUA_summary_Of_Exchange_Rates/FinUA_CurrencyExchangeConverter.story

(stories/FinUA_summary_Of_Exchange_Rates/FinUA_CurrencyExchangeConverter.story)
Scenario: Open Currency converter tab
Given the user is on the finance.i.ua home page (FAILED)
(net.thucydides.core.pages.WrongPageError: This is not the page you're looking for: I was looking for a page compatible with class EPAM.pages.FinUA_StartPage_BanksRatesTable but I was at the URL https://support.skype.com/en/faq/FA34612/what-is-the-skype-extension)
]]></system-out>
    <system-err><![CDATA[[pool-1-thread-1] INFO net.serenitybdd.core.Serenity - Test Suite Started: Fin ua  currency exchange converter
[pool-1-thread-1] INFO net.serenitybdd.core.Serenity - 
 _____ _____ ____ _____   ____ _____  _    ____ _____ _____ ____  
|_   _| ____/ ___|_   _| / ___|_   _|/ \  |  _ \_   _| ____|  _ \ 
  | | |  _| \___ \ | |   \___ \ | | / _ \ | |_) || | |  _| | | | |
  | | | |___ ___) || |    ___) || |/ ___ \|  _ < | | | |___| |_| |
  |_| |_____|____/ |_|   |____/ |_/_/   \_\_| \_\|_| |_____|____/ 
                                                                  

TEST STARTED: Open Currency converter tab
-------------------------------------------------------------------
]]></system-err>
  </testcase>
  <testcase name="When user click on CurrencyConverter link" classname="EPAM.steps.FinUA_DefinitionStep" time="0">
    <skipped/>
    <system-out><![CDATA[When user click on CurrencyConverter link (NOT PERFORMED)
]]></system-out>
  </testcase>
  <testcase name="Then user should see currency converter Page" classname="EPAM.steps.FinUA_DefinitionStep" time="0">
    <skipped/>
    <system-out><![CDATA[Then user should see currency converter Page (NOT PERFORMED)
]]></system-out>
  </testcase>
  <testcase name="And url should be equal to &apos;http://finance.i.ua/converter/&apos;" classname="EPAM.steps.FinUA_DefinitionStep" time="0">
    <skipped/>
    <system-out><![CDATA[And url should be equal to 'http://finance.i.ua/converter/' (NOT PERFORMED)
]]></system-out>
  </testcase>
  <testcase name="Scenario: Open Currency converter tab" classname="Scenario: Open Currency converter tab" time="11.702">
    <failure message="scenario failed!" type="java.lang.AssertionError">java.lang.AssertionError: scenario failed!
	at de.codecentric.jbehave.junit.monitoring.JUnitScenarioReporter.afterScenario(JUnitScenarioReporter.java:218)
	at org.jbehave.core.reporters.DelegatingStoryReporter.afterScenario(DelegatingStoryReporter.java:43)
	at org.jbehave.core.reporters.ConcurrentStoryReporter.afterScenario(ConcurrentStoryReporter.java:175)
	at org.jbehave.core.embedder.StoryRunner.runCancellable(StoryRunner.java:347)
	at org.jbehave.core.embedder.StoryRunner.run(StoryRunner.java:239)
	at org.jbehave.core.embedder.StoryRunner.run(StoryRunner.java:182)
	at org.jbehave.core.embedder.StoryManager$EnqueuedStory.call(StoryManager.java:266)
	at org.jbehave.core.embedder.StoryManager$EnqueuedStory.call(StoryManager.java:233)
	at java.util.concurrent.FutureTask.run(FutureTask.java:266)
	at java.util.concurrent.ThreadPoolExecutor.runWorker(ThreadPoolExecutor.java:1142)
	at java.util.concurrent.ThreadPoolExecutor$Worker.run(ThreadPoolExecutor.java:617)
	at java.lang.Thread.run(Thread.java:745)
</failure>
    <system-out><![CDATA[
net.thucydides.core.pages.WrongPageError: This is not the page you're looking for: I was looking for a page compatible with class EPAM.pages.FinUA_StartPage_BanksRatesTable but I was at the URL https://support.skype.com/en/faq/FA34612/what-is-the-skype-extension
	at net.serenitybdd.core.pages.PageObject.thisIsNotThePageYourLookingFor(PageObject.java:778)
	at net.serenitybdd.core.pages.PageObject.ensurePageIsOnAMatchingUrl(PageObject.java:759)
	at net.serenitybdd.core.pages.PageObject.checkUrlPatterns(PageObject.java:751)
	at net.serenitybdd.core.pages.PageObject.open(PageObject.java:740)
	at net.serenitybdd.core.pages.PageObject.open(PageObject.java:727)
	at EPAM.steps.serenity.FinUa_EndUserSteps.goToHomePage(FinUa_EndUserSteps.java:28)
	at EPAM.steps.serenity.FinUa_EndUserSteps$$EnhancerByCGLIB$$4d394fa1.CGLIB$goToHomePage$0(<generated>)
	at EPAM.steps.serenity.FinUa_EndUserSteps$$EnhancerByCGLIB$$4d394fa1$$FastClassByCGLIB$$be4d894a.invoke(<generated>)
	at net.sf.cglib.proxy.MethodProxy.invokeSuper(MethodProxy.java:228)
	at net.thucydides.core.steps.StepInterceptor.invokeMethod(StepInterceptor.java:348)
	at net.thucydides.core.steps.StepInterceptor.executeTestStepMethod(StepInterceptor.java:333)
	at net.thucydides.core.steps.StepInterceptor.runTestStep(StepInterceptor.java:308)
	at net.thucydides.core.steps.StepInterceptor.testStepResult(StepInterceptor.java:130)
	at net.thucydides.core.steps.StepInterceptor.intercept(StepInterceptor.java:57)
	at EPAM.steps.serenity.FinUa_EndUserSteps$$EnhancerByCGLIB$$4d394fa1.goToHomePage(<generated>)
	at EPAM.steps.FinUA_DefinitionStep.givenTheUserIsOnTheFinanceIUAHomePage(FinUA_DefinitionStep.java:18)
	(reflection-invoke)
	at org.jbehave.core.steps.StepCreator$ParametrisedStep.perform(StepCreator.java:595)
	at org.jbehave.core.embedder.StoryRunner$FineSoFar.run(StoryRunner.java:566)
...
]]></system-out>
  </testcase>
  <testcase name="FinUA_CurrencyExchangeConverter.story" classname="FinUA_CurrencyExchangeConverter.story" time="12.6">
    <failure message="story failed!" type="java.lang.AssertionError">java.lang.AssertionError: story failed!
	at de.codecentric.jbehave.junit.monitoring.JUnitScenarioReporter.afterStory(JUnitScenarioReporter.java:143)
	at org.jbehave.core.reporters.DelegatingStoryReporter.afterStory(DelegatingStoryReporter.java:49)
	at org.jbehave.core.reporters.ConcurrentStoryReporter.afterStory(ConcurrentStoryReporter.java:121)
	at org.jbehave.core.embedder.StoryRunner.runCancellable(StoryRunner.java:355)
	at org.jbehave.core.embedder.StoryRunner.run(StoryRunner.java:239)
	at org.jbehave.core.embedder.StoryRunner.run(StoryRunner.java:182)
	at org.jbehave.core.embedder.StoryManager$EnqueuedStory.call(StoryManager.java:266)
	at org.jbehave.core.embedder.StoryManager$EnqueuedStory.call(StoryManager.java:233)
	at java.util.concurrent.FutureTask.run(FutureTask.java:266)
	at java.util.concurrent.ThreadPoolExecutor.runWorker(ThreadPoolExecutor.java:1142)
	at java.util.concurrent.ThreadPoolExecutor$Worker.run(ThreadPoolExecutor.java:617)
	at java.lang.Thread.run(Thread.java:745)
</failure>
    <system-out><![CDATA[
]]></system-out>
    <system-err><![CDATA[[pool-1-thread-1] ERROR net.serenitybdd.core.Serenity - 
           __  _____ _____ ____ _____   _____ _    ___ _     _____ ____  
  _       / / |_   _| ____/ ___|_   _| |  ___/ \  |_ _| |   | ____|  _ \ 
 (_)_____| |    | | |  _| \___ \ | |   | |_ / _ \  | || |   |  _| | | | |
  _|_____| |    | | | |___ ___) || |   |  _/ ___ \ | || |___| |___| |_| |
 (_)     | |    |_| |_____|____/ |_|   |_|/_/   \_\___|_____|_____|____/ 
          \_\                                                            

TEST FAILED: Open Currency converter tab
--------------------------------------------------------------------------
[pool-1-thread-1] ERROR net.serenitybdd.core.Serenity - TEST FAILED AT STEP Go to home page
[pool-1-thread-1] ERROR net.serenitybdd.core.Serenity - This is not the page you're looking for: I was looking for a page compatible with class EPAM.pages.FinUA_StartPage_BanksRatesTable but I was at the URL https://support.skype.com/en/faq/FA34612/what-is-the-skype-extension
]]></system-err>
  </testcase>
  <testcase name="Given the user is on the finance.i.ua home page​​​" classname="EPAM.steps.FinUA_DefinitionStep" time="13.247"/>
  <testcase name="When the user click on &apos;EUR&apos; button" classname="EPAM.steps.FinUA_DefinitionStep" time="4.788"/>
  <testcase name="Then &apos;EUR&apos; rates are shown" classname="EPAM.steps.FinUA_DefinitionStep" time="3.359"/>
  <testcase name="Scenario: Checking switching to EUR-UAH bank&apos;s rates data" classname="Scenario: Checking switching to EUR-UAH bank&apos;s rates data" time="4.382"/>
  <testcase name="Given the user is on the finance.i.ua home page​​​​" classname="EPAM.steps.FinUA_DefinitionStep" time="9.248"/>
  <testcase name="When the user click on &apos;EUR&apos; button​" classname="EPAM.steps.FinUA_DefinitionStep" time="3.867"/>
  <testcase name="Then &apos;EUR&apos; rates are shown​" classname="EPAM.steps.FinUA_DefinitionStep" time="2.69"/>
  <testcase name="Then maximum value of BID rate in bank&apos;s table is equal to maximum value of BID rate in summary table​" classname="EPAM.steps.FinUA_DefinitionStep" time="3.463"/>
  <testcase name="Then maximum value of ASK rate in bank&apos;s table is equal to maximum value of ASK rate in summary table​" classname="EPAM.steps.FinUA_DefinitionStep" time="3.644">
    <failure message="Calculated value is not equal to the value from summary table&#10;Expected: is &lt;30.6&gt;&#10;     but: was &lt;34.0&gt;" type="java.lang.AssertionError"><![CDATA[java.lang.AssertionError: Calculated value is not equal to the value from summary table
Expected: is <30.6>
     but: was <34.0>
	at org.hamcrest.MatcherAssert.assertThat(MatcherAssert.java:20)
	at EPAM.steps.serenity.FinUa_EndUserSteps.verifyCalculation_EUR_MAX_ASK(FinUa_EndUserSteps.java:110)
	at EPAM.steps.serenity.FinUa_EndUserSteps$$EnhancerByCGLIB$$4d394fa1.CGLIB$verifyCalculation_EUR_MAX_ASK$10(<generated>)
	at EPAM.steps.serenity.FinUa_EndUserSteps$$EnhancerByCGLIB$$4d394fa1$$FastClassByCGLIB$$be4d894a.invoke(<generated>)
	at net.sf.cglib.proxy.MethodProxy.invokeSuper(MethodProxy.java:228)
	at net.thucydides.core.steps.StepInterceptor.invokeMethod(StepInterceptor.java:348)
	at net.thucydides.core.steps.StepInterceptor.executeTestStepMethod(StepInterceptor.java:333)
	at net.thucydides.core.steps.StepInterceptor.runTestStep(StepInterceptor.java:308)
	at net.thucydides.core.steps.StepInterceptor.testStepResult(StepInterceptor.java:130)
	at net.thucydides.core.steps.StepInterceptor.intercept(StepInterceptor.java:57)
	at EPAM.steps.serenity.FinUa_EndUserSteps$$EnhancerByCGLIB$$4d394fa1.verifyCalculation_EUR_MAX_ASK(<generated>)
	at EPAM.steps.FinUA_DefinitionStep.verifyCalculation_EUR_MAX_ASK(FinUA_DefinitionStep.java:86)
]]></failure>
    <system-out><![CDATA[Then maximum value of ASK rate in bank's table is equal to maximum value of ASK rate in summary table (FAILED)
(java.lang.AssertionError: Calculated value is not equal to the value from summary table
Expected: is <30.6>
     but: was <34.0>)
]]></system-out>
  </testcase>
  <testcase name="Scenario: Checking calculation of MAXIMUM EUR-UAH rates based on bank&apos;s rates data" classname="Scenario: Checking calculation of MAXIMUM EUR-UAH rates based on bank&apos;s rates data" time="3.644">
    <failure message="scenario failed!" type="java.lang.AssertionError">java.lang.AssertionError: scenario failed!
	at de.codecentric.jbehave.junit.monitoring.JUnitScenarioReporter.afterScenario(JUnitScenarioReporter.java:218)
	at org.jbehave.core.reporters.DelegatingStoryReporter.afterScenario(DelegatingStoryReporter.java:43)
	at org.jbehave.core.reporters.ConcurrentStoryReporter.afterScenario(ConcurrentStoryReporter.java:175)
	at org.jbehave.core.embedder.StoryRunner.runCancellable(StoryRunner.java:347)
	at org.jbehave.core.embedder.StoryRunner.run(StoryRunner.java:239)
	at org.jbehave.core.embedder.StoryRunner.run(StoryRunner.java:182)
	at org.jbehave.core.embedder.StoryManager$EnqueuedStory.call(StoryManager.java:266)
	at org.jbehave.core.embedder.StoryManager$EnqueuedStory.call(StoryManager.java:233)
	at java.util.concurrent.FutureTask.run(FutureTask.java:266)
	at java.util.concurrent.ThreadPoolExecutor.runWorker(ThreadPoolExecutor.java:1142)
	at java.util.concurrent.ThreadPoolExecutor$Worker.run(ThreadPoolExecutor.java:617)
	at java.lang.Thread.run(Thread.java:745)
</failure>
    <system-out><![CDATA[
java.lang.AssertionError: Calculated value is not equal to the value from summary table
Expected: is <30.6>
     but: was <34.0>
	at org.hamcrest.MatcherAssert.assertThat(MatcherAssert.java:20)
	at EPAM.steps.serenity.FinUa_EndUserSteps.verifyCalculation_EUR_MAX_ASK(FinUa_EndUserSteps.java:110)
	at EPAM.steps.serenity.FinUa_EndUserSteps$$EnhancerByCGLIB$$4d394fa1.CGLIB$verifyCalculation_EUR_MAX_ASK$10(<generated>)
	at EPAM.steps.serenity.FinUa_EndUserSteps$$EnhancerByCGLIB$$4d394fa1$$FastClassByCGLIB$$be4d894a.invoke(<generated>)
	at net.sf.cglib.proxy.MethodProxy.invokeSuper(MethodProxy.java:228)
	at net.thucydides.core.steps.StepInterceptor.invokeMethod(StepInterceptor.java:348)
	at net.thucydides.core.steps.StepInterceptor.executeTestStepMethod(StepInterceptor.java:333)
	at net.thucydides.core.steps.StepInterceptor.runTestStep(StepInterceptor.java:308)
	at net.thucydides.core.steps.StepInterceptor.testStepResult(StepInterceptor.java:130)
	at net.thucydides.core.steps.StepInterceptor.intercept(StepInterceptor.java:57)
	at EPAM.steps.serenity.FinUa_EndUserSteps$$EnhancerByCGLIB$$4d394fa1.verifyCalculation_EUR_MAX_ASK(<generated>)
	at EPAM.steps.FinUA_DefinitionStep.verifyCalculation_EUR_MAX_ASK(FinUA_DefinitionStep.java:86)
	(reflection-invoke)
	at org.jbehave.core.steps.StepCreator$ParametrisedStep.perform(StepCreator.java:595)
	at org.jbehave.core.embedder.StoryRunner$FineSoFar.run(StoryRunner.java:566)
...
]]></system-out>
  </testcase>
  <testcase name="Given the user is on the finance.i.ua home page​​​​​" classname="EPAM.steps.FinUA_DefinitionStep" time="4.9"/>
  <testcase name="When the user click on &apos;EUR&apos; button​​" classname="EPAM.steps.FinUA_DefinitionStep" time="4.35"/>
  <testcase name="Then &apos;EUR&apos; rates are shown​​" classname="EPAM.steps.FinUA_DefinitionStep" time="2.908"/>
  <testcase name="Then calculated avg BID rate is equal to avg BID value from summary block​" classname="EPAM.steps.FinUA_DefinitionStep" time="4.267"/>
  <testcase name="Then calculated avg ASK rate is equal to avg ASK value from summary block​" classname="EPAM.steps.FinUA_DefinitionStep" time="4.579">
    <failure message="Calculated value is not equal to the value from summary table&#10;Expected: is &lt;30.1291&gt;&#10;     but: was &lt;30.2464&gt;" type="java.lang.AssertionError"><![CDATA[java.lang.AssertionError: Calculated value is not equal to the value from summary table
Expected: is <30.1291>
     but: was <30.2464>
	at org.hamcrest.MatcherAssert.assertThat(MatcherAssert.java:20)
	at EPAM.steps.serenity.FinUa_EndUserSteps.verifyCalculation_EUR_AVG_ASK(FinUa_EndUserSteps.java:77)
	at EPAM.steps.serenity.FinUa_EndUserSteps$$EnhancerByCGLIB$$4d394fa1.CGLIB$verifyCalculation_EUR_AVG_ASK$6(<generated>)
	at EPAM.steps.serenity.FinUa_EndUserSteps$$EnhancerByCGLIB$$4d394fa1$$FastClassByCGLIB$$be4d894a.invoke(<generated>)
	at net.sf.cglib.proxy.MethodProxy.invokeSuper(MethodProxy.java:228)
	at net.thucydides.core.steps.StepInterceptor.invokeMethod(StepInterceptor.java:348)
	at net.thucydides.core.steps.StepInterceptor.executeTestStepMethod(StepInterceptor.java:333)
	at net.thucydides.core.steps.StepInterceptor.runTestStep(StepInterceptor.java:308)
	at net.thucydides.core.steps.StepInterceptor.testStepResult(StepInterceptor.java:130)
	at net.thucydides.core.steps.StepInterceptor.intercept(StepInterceptor.java:57)
	at EPAM.steps.serenity.FinUa_EndUserSteps$$EnhancerByCGLIB$$4d394fa1.verifyCalculation_EUR_AVG_ASK(<generated>)
	at EPAM.steps.FinUA_DefinitionStep.verifyCalculation_EUR_AVG_ASK(FinUA_DefinitionStep.java:66)
]]></failure>
    <system-out><![CDATA[Then calculated avg ASK rate is equal to avg ASK value from summary block (FAILED)
(java.lang.AssertionError: Calculated value is not equal to the value from summary table
Expected: is <30.1291>
     but: was <30.2464>)
]]></system-out>
  </testcase>
  <testcase name="Scenario: Checking calculation of AVERAGE EUR-UAH rates based on bank&apos;s rates data" classname="Scenario: Checking calculation of AVERAGE EUR-UAH rates based on bank&apos;s rates data" time="4.588">
    <failure message="scenario failed!" type="java.lang.AssertionError">java.lang.AssertionError: scenario failed!
	at de.codecentric.jbehave.junit.monitoring.JUnitScenarioReporter.afterScenario(JUnitScenarioReporter.java:218)
	at org.jbehave.core.reporters.DelegatingStoryReporter.afterScenario(DelegatingStoryReporter.java:43)
	at org.jbehave.core.reporters.ConcurrentStoryReporter.afterScenario(ConcurrentStoryReporter.java:175)
	at org.jbehave.core.embedder.StoryRunner.runCancellable(StoryRunner.java:347)
	at org.jbehave.core.embedder.StoryRunner.run(StoryRunner.java:239)
	at org.jbehave.core.embedder.StoryRunner.run(StoryRunner.java:182)
	at org.jbehave.core.embedder.StoryManager$EnqueuedStory.call(StoryManager.java:266)
	at org.jbehave.core.embedder.StoryManager$EnqueuedStory.call(StoryManager.java:233)
	at java.util.concurrent.FutureTask.run(FutureTask.java:266)
	at java.util.concurrent.ThreadPoolExecutor.runWorker(ThreadPoolExecutor.java:1142)
	at java.util.concurrent.ThreadPoolExecutor$Worker.run(ThreadPoolExecutor.java:617)
	at java.lang.Thread.run(Thread.java:745)
</failure>
    <system-out><![CDATA[
java.lang.AssertionError: Calculated value is not equal to the value from summary table
Expected: is <30.1291>
     but: was <30.2464>
	at org.hamcrest.MatcherAssert.assertThat(MatcherAssert.java:20)
	at EPAM.steps.serenity.FinUa_EndUserSteps.verifyCalculation_EUR_AVG_ASK(FinUa_EndUserSteps.java:77)
	at EPAM.steps.serenity.FinUa_EndUserSteps$$EnhancerByCGLIB$$4d394fa1.CGLIB$verifyCalculation_EUR_AVG_ASK$6(<generated>)
	at EPAM.steps.serenity.FinUa_EndUserSteps$$EnhancerByCGLIB$$4d394fa1$$FastClassByCGLIB$$be4d894a.invoke(<generated>)
	at net.sf.cglib.proxy.MethodProxy.invokeSuper(MethodProxy.java:228)
	at net.thucydides.core.steps.StepInterceptor.invokeMethod(StepInterceptor.java:348)
	at net.thucydides.core.steps.StepInterceptor.executeTestStepMethod(StepInterceptor.java:333)
	at net.thucydides.core.steps.StepInterceptor.runTestStep(StepInterceptor.java:308)
	at net.thucydides.core.steps.StepInterceptor.testStepResult(StepInterceptor.java:130)
	at net.thucydides.core.steps.StepInterceptor.intercept(StepInterceptor.java:57)
	at EPAM.steps.serenity.FinUa_EndUserSteps$$EnhancerByCGLIB$$4d394fa1.verifyCalculation_EUR_AVG_ASK(<generated>)
	at EPAM.steps.FinUA_DefinitionStep.verifyCalculation_EUR_AVG_ASK(FinUA_DefinitionStep.java:66)
	(reflection-invoke)
	at org.jbehave.core.steps.StepCreator$ParametrisedStep.perform(StepCreator.java:595)
	at org.jbehave.core.embedder.StoryRunner$FineSoFar.run(StoryRunner.java:566)
...
]]></system-out>
  </testcase>
  <testcase name="Given the user is on the finance.i.ua home page​​​​​​" classname="EPAM.steps.FinUA_DefinitionStep" time="5.959"/>
  <testcase name="When the user click on &apos;EUR&apos; button​​​" classname="EPAM.steps.FinUA_DefinitionStep" time="3.754"/>
  <testcase name="Then &apos;EUR&apos; rates are shown​​​" classname="EPAM.steps.FinUA_DefinitionStep" time="2.722"/>
  <testcase name="Then minimum value of BID rate in bank&apos;s table is equal to minimum value of BID rate in summary table​" classname="EPAM.steps.FinUA_DefinitionStep" time="4.059"/>
  <testcase name="Then minimum value of ASK rate in bank&apos;s table is equal to minimum value of ASK rate in summary table​" classname="EPAM.steps.FinUA_DefinitionStep" time="3.511"/>
  <testcase name="Scenario: Checking calculation of MINIMUM EUR-UAH rates based on bank&apos;s rates data" classname="Scenario: Checking calculation of MINIMUM EUR-UAH rates based on bank&apos;s rates data" time="4.363"/>
  <testcase name="Given the user is on the finance.i.ua home page​​​​​​​" classname="EPAM.steps.FinUA_DefinitionStep" time="7.719"/>
  <testcase name="When the user click on &apos;EUR&apos; button​​​​" classname="EPAM.steps.FinUA_DefinitionStep" time="4.811"/>
  <testcase name="Then &apos;EUR&apos; rates are shown​​​​" classname="EPAM.steps.FinUA_DefinitionStep" time="3.13"/>
  <testcase name="Then optimal value of BID rate in summary table is equal to maximum value of BID rate in summary table​" classname="EPAM.steps.FinUA_DefinitionStep" time="4.302"/>
  <testcase name="Then optimal value of ASK rate in summary table is equal to minimum value of ASK rate in summary table​" classname="EPAM.steps.FinUA_DefinitionStep" time="4.833"/>
  <testcase name="Scenario: Checking calculation of OPTIMAL EUR-UAH rates based on bank&apos;s rates data" classname="Scenario: Checking calculation of OPTIMAL EUR-UAH rates based on bank&apos;s rates data" time="5.78"/>
  <testcase name="FinUA_checkRatesSummaryCalc_EUR.story" classname="FinUA_checkRatesSummaryCalc_EUR.story" time="6.448">
    <failure message="story failed!" type="java.lang.AssertionError">java.lang.AssertionError: story failed!
	at de.codecentric.jbehave.junit.monitoring.JUnitScenarioReporter.afterStory(JUnitScenarioReporter.java:143)
	at org.jbehave.core.reporters.DelegatingStoryReporter.afterStory(DelegatingStoryReporter.java:49)
	at org.jbehave.core.reporters.ConcurrentStoryReporter.afterStory(ConcurrentStoryReporter.java:121)
	at org.jbehave.core.embedder.StoryRunner.runCancellable(StoryRunner.java:355)
	at org.jbehave.core.embedder.StoryRunner.run(StoryRunner.java:239)
	at org.jbehave.core.embedder.StoryRunner.run(StoryRunner.java:182)
	at org.jbehave.core.embedder.StoryManager$EnqueuedStory.call(StoryManager.java:266)
	at org.jbehave.core.embedder.StoryManager$EnqueuedStory.call(StoryManager.java:233)
	at java.util.concurrent.FutureTask.run(FutureTask.java:266)
	at java.util.concurrent.ThreadPoolExecutor.runWorker(ThreadPoolExecutor.java:1142)
	at java.util.concurrent.ThreadPoolExecutor$Worker.run(ThreadPoolExecutor.java:617)
	at java.lang.Thread.run(Thread.java:745)
</failure>
    <system-out><![CDATA[
]]></system-out>
    <system-err><![CDATA[[pool-1-thread-1] INFO net.serenitybdd.core.Serenity - 
        __    _____ _____ ____ _____   ____   _    ____  ____  _____ ____  
  _     \ \  |_   _| ____/ ___|_   _| |  _ \ / \  / ___|/ ___|| ____|  _ \ 
 (_)_____| |   | | |  _| \___ \ | |   | |_) / _ \ \___ \\___ \|  _| | | | |
  _|_____| |   | | | |___ ___) || |   |  __/ ___ \ ___) |___) | |___| |_| |
 (_)     | |   |_| |_____|____/ |_|   |_| /_/   \_\____/|____/|_____|____/ 
        /_/                                                                

TEST PASSED: Checking calculation of OPTIMAL EUR-UAH rates based on bank's rates data
----------------------------------------------------------------------------
]]></system-err>
  </testcase>
  <testcase name="AfterStories" classname="java.lang.Object" time="0"/>
</testsuite>