<?xml version="1.0" encoding="UTF-8"?><testsuite errors="0" failures="0" name="Fin ua check rates summary calc usd" skipped="0" tests="5" time="70.19" timestamp="2016-02-60 04:55:08"><testcase name="Checking switching to USD-UAH bank's rates data"/><testcase name="Checking calculation of MAXIMUM USD-UAH rates based on bank's rates data"/><testcase name="Checking calculation of AVERAGE USD-UAH rates based on bank's rates data"/><testcase name="Checking calculation of MINIMUM USD-UAH rates based on bank's rates data"/><testcase name="Checking calculation of OPTIMAL USD-UAH rates based on bank's rates data"/></testsuite>